[debug] [2025-12-30T07:38:49.739Z] ----------------------------------------------------------------------
[debug] [2025-12-30T07:38:49.741Z] Command:       C:\Program Files\nodejs\node.exe C:\Users\uthth\AppData\Roaming\npm\node_modules\firebase-tools\lib\bin\firebase.js projects:list
[debug] [2025-12-30T07:38:49.741Z] CLI Version:   14.25.1
[debug] [2025-12-30T07:38:49.741Z] Platform:      win32
[debug] [2025-12-30T07:38:49.741Z] Node Version:  v25.2.0
[debug] [2025-12-30T07:38:49.742Z] Time:          Tue Dec 30 2025 13:08:49 GMT+0530 (India Standard Time)
[debug] [2025-12-30T07:38:49.742Z] ----------------------------------------------------------------------
[debug] 
[debug] [2025-12-30T07:38:49.744Z] >>> [apiv2][query] GET https://firebase-public.firebaseio.com/cli.json [none]
[debug] [2025-12-30T07:38:49.908Z] > command requires scopes: ["email","openid","https://www.googleapis.com/auth/cloudplatformprojects.readonly","https://www.googleapis.com/auth/firebase","https://www.googleapis.com/auth/cloud-platform"]
[debug] [2025-12-30T07:38:49.908Z] > authorizing via signed-in user (ethosprompt@gmail.com)
[debug] [2025-12-30T07:38:49.911Z] Checked if tokens are valid: false, expires at: 1766499428558
[debug] [2025-12-30T07:38:49.911Z] Checked if tokens are valid: false, expires at: 1766499428558
[debug] [2025-12-30T07:38:49.911Z] > refreshing access token with scopes: []
[debug] [2025-12-30T07:38:49.912Z] >>> [apiv2][query] POST https://www.googleapis.com/oauth2/v3/token [none]
[debug] [2025-12-30T07:38:49.912Z] >>> [apiv2][body] POST https://www.googleapis.com/oauth2/v3/token [omitted]
[debug] [2025-12-30T07:38:50.081Z] <<< [apiv2][status] POST https://www.googleapis.com/oauth2/v3/token 200
[debug] [2025-12-30T07:38:50.081Z] <<< [apiv2][body] POST https://www.googleapis.com/oauth2/v3/token [omitted]
[debug] [2025-12-30T07:38:50.088Z] >>> [apiv2][query] GET https://firebase.googleapis.com/v1beta1/projects pageSize=1000
[debug] [2025-12-30T07:38:50.460Z] <<< [apiv2][status] GET https://firebase-public.firebaseio.com/cli.json 200
[debug] [2025-12-30T07:38:50.460Z] <<< [apiv2][body] GET https://firebase-public.firebaseio.com/cli.json {"cloudBuildErrorAfter":1594252800000,"cloudBuildWarnAfter":1590019200000,"defaultNode10After":1594252800000,"minVersion":"3.0.5","node8DeploysDisabledAfter":1613390400000,"node8RuntimeDisabledAfter":1615809600000,"node8WarnAfter":1600128000000}
[debug] [2025-12-30T07:38:50.791Z] <<< [apiv2][status] GET https://firebase.googleapis.com/v1beta1/projects 200
[debug] [2025-12-30T07:38:50.791Z] <<< [apiv2][body] GET https://firebase.googleapis.com/v1beta1/projects [omitted]
[info] ┌──────────────────────┬───────────────────┬────────────────┬──────────────────────┐
│ Project Display Name │ Project ID        │ Project Number │ Resource Location ID │
├──────────────────────┼───────────────────┼────────────────┼──────────────────────┤
│ ethosprompt          │ ethosprompt-36b7c │ 56584210034    │ [Not specified]      │
└──────────────────────┴───────────────────┴────────────────┴──────────────────────┘
[info] 
[info] 1 project(s) total.
[debug] [2025-12-30T07:38:55.972Z] Error: Timed out.
    at Timeout._onTimeout (C:\Users\uthth\AppData\Roaming\npm\node_modules\firebase-tools\lib\utils.js:275:49)
    at listOnTimeout (node:internal/timers:605:17)
    at process.processTimers (node:internal/timers:541:7)
[error] 
[error] Error: An unexpected error has occurred.
